<?xml version="1.0" encoding="UTF-8"?>
<!-- Generated by org.testng.reporters.JUnitReportReporter -->
<testsuite skipped="0" hostname="admin-PC" name="com.crm.qa.testcases.Dealspagetest" tests="2" failures="0" timestamp="13 Apr 2019 08:44:50 GMT" time="1.252" errors="0">
  <testcase name="dealstexttest" time="1.158" classname="com.crm.qa.testcases.Dealspagetest"/>
  <testcase name="ownertexttest" time="0.094" classname="com.crm.qa.testcases.Dealspagetest"/>
</testsuite> <!-- com.crm.qa.testcases.Dealspagetest -->
